<?xml version="1.0" encoding="UTF-8"?>
<!-- Generated by org.testng.reporters.JUnitReportReporter -->
<testsuite hostname="del1-lhp-n82076" failures="0" tests="3" name="orgHRMassesment.orglogin" time="20.375" errors="0" timestamp="2022-07-20T09:49:31 IST" skipped="0">
  <testcase classname="orgHRMassesment.orglogin" name="loginSetup" time="4.572"/>
  <system-out/>
  <testcase classname="orgHRMassesment.orglogin" name="loginSetup" time="4.332"/>
  <system-out/>
  <testcase classname="orgHRMassesment.orglogin" name="loginSetup" time="11.471"/>
  <system-out/>
</testsuite> <!-- orgHRMassesment.orglogin -->
