<?xml version="1.0" encoding="UTF-8"?>
<!-- Generated by org.testng.reporters.JUnitReportReporter -->
<testsuite hostname="del1-lhp-n82076" failures="0" tests="1" name="orgHRMassesment.orangetest" time="29.314" errors="0" timestamp="2022-07-20T01:55:52 IST" skipped="0">
  <testcase classname="orgHRMassesment.orangetest" name="logintest" time="29.314"/>
  <system-out/>
</testsuite> <!-- orgHRMassesment.orangetest -->
